The system is: Linux - 6.2.6-arch1-1 - x86_64
Compiling the C compiler identification source file "CMakeCCompilerId.c" succeeded.
Compiler: /usr/bin/clang 
Build flags: 
Id flags:  

The output was:
0


Compilation of the C compiler identification source "CMakeCCompilerId.c" produced "a.out"

The C compiler identification is Clang, found in "/home/me/Projects/DropSoft/DropletDiscordBot/debug/CMakeFiles/3.25.3/CompilerIdC/a.out"

Compiling the CXX compiler identification source file "CMakeCXXCompilerId.cpp" succeeded.
Compiler: /usr/bin/clang++ 
Build flags: 
Id flags:  

The output was:
0


Compilation of the CXX compiler identification source "CMakeCXXCompilerId.cpp" produced "a.out"

The CXX compiler identification is Clang, found in "/home/me/Projects/DropSoft/DropletDiscordBot/debug/CMakeFiles/3.25.3/CompilerIdCXX/a.out"

Detecting C compiler ABI info compiled with the following output:
Change Dir: /home/me/Projects/DropSoft/DropletDiscordBot/debug/CMakeFiles/CMakeScratch/TryCompile-xs6UoR

Run Build Command(s):/usr/bin/ninja cmTC_63f1f && [1/2] Building C object CMakeFiles/cmTC_63f1f.dir/CMakeCCompilerABI.c.o
clang version 15.0.7
Target: x86_64-pc-linux-gnu
Thread model: posix
InstalledDir: /usr/bin
Found candidate GCC installation: /usr/bin/../lib/gcc/x86_64-pc-linux-gnu/12.2.1
Found candidate GCC installation: /usr/bin/../lib64/gcc/x86_64-pc-linux-gnu/12.2.1
Selected GCC installation: /usr/bin/../lib64/gcc/x86_64-pc-linux-gnu/12.2.1
Candidate multilib: .;@m64
Candidate multilib: 32;@m32
Selected multilib: .;@m64
Found HIP installation: /opt/rocm, version 5.4.22804
 (in-process)
 "/usr/bin/clang-15" -cc1 -triple x86_64-pc-linux-gnu -emit-obj -mrelax-all --mrelax-relocations -disable-free -clear-ast-before-backend -disable-llvm-verifier -discard-value-names -main-file-name CMakeCCompilerABI.c -mrelocation-model pic -pic-level 2 -pic-is-pie -mframe-pointer=all -fmath-errno -ffp-contract=on -fno-rounding-math -mconstructor-aliases -funwind-tables=2 -target-cpu x86-64 -tune-cpu generic -mllvm -treat-scalable-fixed-error-as-warning -debugger-tuning=gdb -v -fcoverage-compilation-dir=/home/me/Projects/DropSoft/DropletDiscordBot/debug/CMakeFiles/CMakeScratch/TryCompile-xs6UoR -resource-dir /usr/lib/clang/15.0.7 -dependency-file CMakeFiles/cmTC_63f1f.dir/CMakeCCompilerABI.c.o.d -MT CMakeFiles/cmTC_63f1f.dir/CMakeCCompilerABI.c.o -sys-header-deps -internal-isystem /usr/lib/clang/15.0.7/include -internal-isystem /usr/local/include -internal-isystem /usr/bin/../lib64/gcc/x86_64-pc-linux-gnu/12.2.1/../../../../x86_64-pc-linux-gnu/include -internal-externc-isystem /include -internal-externc-isystem /usr/include -fdebug-compilation-dir=/home/me/Projects/DropSoft/DropletDiscordBot/debug/CMakeFiles/CMakeScratch/TryCompile-xs6UoR -ferror-limit 19 -stack-protector 2 -fgnuc-version=4.2.1 -faddrsig -D__GCC_HAVE_DWARF2_CFI_ASM=1 -o CMakeFiles/cmTC_63f1f.dir/CMakeCCompilerABI.c.o -x c /usr/share/cmake/Modules/CMakeCCompilerABI.c
clang -cc1 version 15.0.7 based upon LLVM 15.0.7 default target x86_64-pc-linux-gnu
ignoring nonexistent directory "/usr/bin/../lib64/gcc/x86_64-pc-linux-gnu/12.2.1/../../../../x86_64-pc-linux-gnu/include"
ignoring nonexistent directory "/include"
#include "..." search starts here:
#include <...> search starts here:
 /usr/lib/clang/15.0.7/include
 /usr/local/include
 /usr/include
End of search list.
[2/2] Linking C executable cmTC_63f1f
clang version 15.0.7
Target: x86_64-pc-linux-gnu
Thread model: posix
InstalledDir: /usr/bin
Found candidate GCC installation: /usr/bin/../lib/gcc/x86_64-pc-linux-gnu/12.2.1
Found candidate GCC installation: /usr/bin/../lib64/gcc/x86_64-pc-linux-gnu/12.2.1
Selected GCC installation: /usr/bin/../lib64/gcc/x86_64-pc-linux-gnu/12.2.1
Candidate multilib: .;@m64
Candidate multilib: 32;@m32
Selected multilib: .;@m64
Found HIP installation: /opt/rocm, version 5.4.22804
 "/usr/bin/ld" -pie --build-id --eh-frame-hdr -m elf_x86_64 -dynamic-linker /lib64/ld-linux-x86-64.so.2 -o cmTC_63f1f /usr/bin/../lib64/gcc/x86_64-pc-linux-gnu/12.2.1/../../../../lib64/Scrt1.o /usr/bin/../lib64/gcc/x86_64-pc-linux-gnu/12.2.1/../../../../lib64/crti.o /usr/bin/../lib64/gcc/x86_64-pc-linux-gnu/12.2.1/crtbeginS.o -L/usr/bin/../lib64/gcc/x86_64-pc-linux-gnu/12.2.1 -L/usr/bin/../lib64/gcc/x86_64-pc-linux-gnu/12.2.1/../../../../lib64 -L/lib/../lib64 -L/usr/lib/../lib64 -L/lib -L/usr/lib CMakeFiles/cmTC_63f1f.dir/CMakeCCompilerABI.c.o -lgcc --as-needed -lgcc_s --no-as-needed -lc -lgcc --as-needed -lgcc_s --no-as-needed /usr/bin/../lib64/gcc/x86_64-pc-linux-gnu/12.2.1/crtendS.o /usr/bin/../lib64/gcc/x86_64-pc-linux-gnu/12.2.1/../../../../lib64/crtn.o



Parsed C implicit include dir info from above output: rv=done
  found start of include info
  found start of implicit include info
    add: [/usr/lib/clang/15.0.7/include]
    add: [/usr/local/include]
    add: [/usr/include]
  end of search list found
  collapse include dir [/usr/lib/clang/15.0.7/include] ==> [/usr/lib/clang/15.0.7/include]
  collapse include dir [/usr/local/include] ==> [/usr/local/include]
  collapse include dir [/usr/include] ==> [/usr/include]
  implicit include dirs: [/usr/lib/clang/15.0.7/include;/usr/local/include;/usr/include]


Parsed C implicit link information from above output:
  link line regex: [^( *|.*[/\])(ld\.lld|CMAKE_LINK_STARTFILE-NOTFOUND|([^/\]+-)?ld|collect2)[^/\]*( |$)]
  ignore line: [Change Dir: /home/me/Projects/DropSoft/DropletDiscordBot/debug/CMakeFiles/CMakeScratch/TryCompile-xs6UoR]
  ignore line: []
  ignore line: [Run Build Command(s):/usr/bin/ninja cmTC_63f1f && [1/2] Building C object CMakeFiles/cmTC_63f1f.dir/CMakeCCompilerABI.c.o]
  ignore line: [clang version 15.0.7]
  ignore line: [Target: x86_64-pc-linux-gnu]
  ignore line: [Thread model: posix]
  ignore line: [InstalledDir: /usr/bin]
  ignore line: [Found candidate GCC installation: /usr/bin/../lib/gcc/x86_64-pc-linux-gnu/12.2.1]
  ignore line: [Found candidate GCC installation: /usr/bin/../lib64/gcc/x86_64-pc-linux-gnu/12.2.1]
  ignore line: [Selected GCC installation: /usr/bin/../lib64/gcc/x86_64-pc-linux-gnu/12.2.1]
  ignore line: [Candidate multilib: .]
  ignore line: [@m64]
  ignore line: [Candidate multilib: 32]
  ignore line: [@m32]
  ignore line: [Selected multilib: .]
  ignore line: [@m64]
  ignore line: [Found HIP installation: /opt/rocm  version 5.4.22804]
  ignore line: [ (in-process)]
  ignore line: [ "/usr/bin/clang-15" -cc1 -triple x86_64-pc-linux-gnu -emit-obj -mrelax-all --mrelax-relocations -disable-free -clear-ast-before-backend -disable-llvm-verifier -discard-value-names -main-file-name CMakeCCompilerABI.c -mrelocation-model pic -pic-level 2 -pic-is-pie -mframe-pointer=all -fmath-errno -ffp-contract=on -fno-rounding-math -mconstructor-aliases -funwind-tables=2 -target-cpu x86-64 -tune-cpu generic -mllvm -treat-scalable-fixed-error-as-warning -debugger-tuning=gdb -v -fcoverage-compilation-dir=/home/me/Projects/DropSoft/DropletDiscordBot/debug/CMakeFiles/CMakeScratch/TryCompile-xs6UoR -resource-dir /usr/lib/clang/15.0.7 -dependency-file CMakeFiles/cmTC_63f1f.dir/CMakeCCompilerABI.c.o.d -MT CMakeFiles/cmTC_63f1f.dir/CMakeCCompilerABI.c.o -sys-header-deps -internal-isystem /usr/lib/clang/15.0.7/include -internal-isystem /usr/local/include -internal-isystem /usr/bin/../lib64/gcc/x86_64-pc-linux-gnu/12.2.1/../../../../x86_64-pc-linux-gnu/include -internal-externc-isystem /include -internal-externc-isystem /usr/include -fdebug-compilation-dir=/home/me/Projects/DropSoft/DropletDiscordBot/debug/CMakeFiles/CMakeScratch/TryCompile-xs6UoR -ferror-limit 19 -stack-protector 2 -fgnuc-version=4.2.1 -faddrsig -D__GCC_HAVE_DWARF2_CFI_ASM=1 -o CMakeFiles/cmTC_63f1f.dir/CMakeCCompilerABI.c.o -x c /usr/share/cmake/Modules/CMakeCCompilerABI.c]
  ignore line: [clang -cc1 version 15.0.7 based upon LLVM 15.0.7 default target x86_64-pc-linux-gnu]
  ignore line: [ignoring nonexistent directory "/usr/bin/../lib64/gcc/x86_64-pc-linux-gnu/12.2.1/../../../../x86_64-pc-linux-gnu/include"]
  ignore line: [ignoring nonexistent directory "/include"]
  ignore line: [#include "..." search starts here:]
  ignore line: [#include <...> search starts here:]
  ignore line: [ /usr/lib/clang/15.0.7/include]
  ignore line: [ /usr/local/include]
  ignore line: [ /usr/include]
  ignore line: [End of search list.]
  ignore line: [[2/2] Linking C executable cmTC_63f1f]
  ignore line: [clang version 15.0.7]
  ignore line: [Target: x86_64-pc-linux-gnu]
  ignore line: [Thread model: posix]
  ignore line: [InstalledDir: /usr/bin]
  ignore line: [Found candidate GCC installation: /usr/bin/../lib/gcc/x86_64-pc-linux-gnu/12.2.1]
  ignore line: [Found candidate GCC installation: /usr/bin/../lib64/gcc/x86_64-pc-linux-gnu/12.2.1]
  ignore line: [Selected GCC installation: /usr/bin/../lib64/gcc/x86_64-pc-linux-gnu/12.2.1]
  ignore line: [Candidate multilib: .]
  ignore line: [@m64]
  ignore line: [Candidate multilib: 32]
  ignore line: [@m32]
  ignore line: [Selected multilib: .]
  ignore line: [@m64]
  ignore line: [Found HIP installation: /opt/rocm  version 5.4.22804]
  link line: [ "/usr/bin/ld" -pie --build-id --eh-frame-hdr -m elf_x86_64 -dynamic-linker /lib64/ld-linux-x86-64.so.2 -o cmTC_63f1f /usr/bin/../lib64/gcc/x86_64-pc-linux-gnu/12.2.1/../../../../lib64/Scrt1.o /usr/bin/../lib64/gcc/x86_64-pc-linux-gnu/12.2.1/../../../../lib64/crti.o /usr/bin/../lib64/gcc/x86_64-pc-linux-gnu/12.2.1/crtbeginS.o -L/usr/bin/../lib64/gcc/x86_64-pc-linux-gnu/12.2.1 -L/usr/bin/../lib64/gcc/x86_64-pc-linux-gnu/12.2.1/../../../../lib64 -L/lib/../lib64 -L/usr/lib/../lib64 -L/lib -L/usr/lib CMakeFiles/cmTC_63f1f.dir/CMakeCCompilerABI.c.o -lgcc --as-needed -lgcc_s --no-as-needed -lc -lgcc --as-needed -lgcc_s --no-as-needed /usr/bin/../lib64/gcc/x86_64-pc-linux-gnu/12.2.1/crtendS.o /usr/bin/../lib64/gcc/x86_64-pc-linux-gnu/12.2.1/../../../../lib64/crtn.o]
    arg [/usr/bin/ld] ==> ignore
    arg [-pie] ==> ignore
    arg [--build-id] ==> ignore
    arg [--eh-frame-hdr] ==> ignore
    arg [-m] ==> ignore
    arg [elf_x86_64] ==> ignore
    arg [-dynamic-linker] ==> ignore
    arg [/lib64/ld-linux-x86-64.so.2] ==> ignore
    arg [-o] ==> ignore
    arg [cmTC_63f1f] ==> ignore
    arg [/usr/bin/../lib64/gcc/x86_64-pc-linux-gnu/12.2.1/../../../../lib64/Scrt1.o] ==> obj [/usr/bin/../lib64/gcc/x86_64-pc-linux-gnu/12.2.1/../../../../lib64/Scrt1.o]
    arg [/usr/bin/../lib64/gcc/x86_64-pc-linux-gnu/12.2.1/../../../../lib64/crti.o] ==> obj [/usr/bin/../lib64/gcc/x86_64-pc-linux-gnu/12.2.1/../../../../lib64/crti.o]
    arg [/usr/bin/../lib64/gcc/x86_64-pc-linux-gnu/12.2.1/crtbeginS.o] ==> obj [/usr/bin/../lib64/gcc/x86_64-pc-linux-gnu/12.2.1/crtbeginS.o]
    arg [-L/usr/bin/../lib64/gcc/x86_64-pc-linux-gnu/12.2.1] ==> dir [/usr/bin/../lib64/gcc/x86_64-pc-linux-gnu/12.2.1]
    arg [-L/usr/bin/../lib64/gcc/x86_64-pc-linux-gnu/12.2.1/../../../../lib64] ==> dir [/usr/bin/../lib64/gcc/x86_64-pc-linux-gnu/12.2.1/../../../../lib64]
    arg [-L/lib/../lib64] ==> dir [/lib/../lib64]
    arg [-L/usr/lib/../lib64] ==> dir [/usr/lib/../lib64]
    arg [-L/lib] ==> dir [/lib]
    arg [-L/usr/lib] ==> dir [/usr/lib]
    arg [CMakeFiles/cmTC_63f1f.dir/CMakeCCompilerABI.c.o] ==> ignore
    arg [-lgcc] ==> lib [gcc]
    arg [--as-needed] ==> ignore
    arg [-lgcc_s] ==> lib [gcc_s]
    arg [--no-as-needed] ==> ignore
    arg [-lc] ==> lib [c]
    arg [-lgcc] ==> lib [gcc]
    arg [--as-needed] ==> ignore
    arg [-lgcc_s] ==> lib [gcc_s]
    arg [--no-as-needed] ==> ignore
    arg [/usr/bin/../lib64/gcc/x86_64-pc-linux-gnu/12.2.1/crtendS.o] ==> obj [/usr/bin/../lib64/gcc/x86_64-pc-linux-gnu/12.2.1/crtendS.o]
    arg [/usr/bin/../lib64/gcc/x86_64-pc-linux-gnu/12.2.1/../../../../lib64/crtn.o] ==> obj [/usr/bin/../lib64/gcc/x86_64-pc-linux-gnu/12.2.1/../../../../lib64/crtn.o]
  collapse obj [/usr/bin/../lib64/gcc/x86_64-pc-linux-gnu/12.2.1/../../../../lib64/Scrt1.o] ==> [/usr/lib64/Scrt1.o]
  collapse obj [/usr/bin/../lib64/gcc/x86_64-pc-linux-gnu/12.2.1/../../../../lib64/crti.o] ==> [/usr/lib64/crti.o]
  collapse obj [/usr/bin/../lib64/gcc/x86_64-pc-linux-gnu/12.2.1/crtbeginS.o] ==> [/usr/lib64/gcc/x86_64-pc-linux-gnu/12.2.1/crtbeginS.o]
  collapse obj [/usr/bin/../lib64/gcc/x86_64-pc-linux-gnu/12.2.1/crtendS.o] ==> [/usr/lib64/gcc/x86_64-pc-linux-gnu/12.2.1/crtendS.o]
  collapse obj [/usr/bin/../lib64/gcc/x86_64-pc-linux-gnu/12.2.1/../../../../lib64/crtn.o] ==> [/usr/lib64/crtn.o]
  collapse library dir [/usr/bin/../lib64/gcc/x86_64-pc-linux-gnu/12.2.1] ==> [/usr/lib64/gcc/x86_64-pc-linux-gnu/12.2.1]
  collapse library dir [/usr/bin/../lib64/gcc/x86_64-pc-linux-gnu/12.2.1/../../../../lib64] ==> [/usr/lib64]
  collapse library dir [/lib/../lib64] ==> [/lib64]
  collapse library dir [/usr/lib/../lib64] ==> [/usr/lib64]
  collapse library dir [/lib] ==> [/lib]
  collapse library dir [/usr/lib] ==> [/usr/lib]
  implicit libs: [gcc;gcc_s;c;gcc;gcc_s]
  implicit objs: [/usr/lib64/Scrt1.o;/usr/lib64/crti.o;/usr/lib64/gcc/x86_64-pc-linux-gnu/12.2.1/crtbeginS.o;/usr/lib64/gcc/x86_64-pc-linux-gnu/12.2.1/crtendS.o;/usr/lib64/crtn.o]
  implicit dirs: [/usr/lib64/gcc/x86_64-pc-linux-gnu/12.2.1;/usr/lib64;/lib64;/lib;/usr/lib]
  implicit fwks: []


Detecting CXX compiler ABI info compiled with the following output:
Change Dir: /home/me/Projects/DropSoft/DropletDiscordBot/debug/CMakeFiles/CMakeScratch/TryCompile-OSUbG0

Run Build Command(s):/usr/bin/ninja cmTC_738dc && [1/2] Building CXX object CMakeFiles/cmTC_738dc.dir/CMakeCXXCompilerABI.cpp.o
clang version 15.0.7
Target: x86_64-pc-linux-gnu
Thread model: posix
InstalledDir: /usr/bin
Found candidate GCC installation: /usr/bin/../lib/gcc/x86_64-pc-linux-gnu/12.2.1
Found candidate GCC installation: /usr/bin/../lib64/gcc/x86_64-pc-linux-gnu/12.2.1
Selected GCC installation: /usr/bin/../lib64/gcc/x86_64-pc-linux-gnu/12.2.1
Candidate multilib: .;@m64
Candidate multilib: 32;@m32
Selected multilib: .;@m64
Found HIP installation: /opt/rocm, version 5.4.22804
 (in-process)
 "/usr/bin/clang-15" -cc1 -triple x86_64-pc-linux-gnu -emit-obj -mrelax-all --mrelax-relocations -disable-free -clear-ast-before-backend -disable-llvm-verifier -discard-value-names -main-file-name CMakeCXXCompilerABI.cpp -mrelocation-model pic -pic-level 2 -pic-is-pie -mframe-pointer=all -fmath-errno -ffp-contract=on -fno-rounding-math -mconstructor-aliases -funwind-tables=2 -target-cpu x86-64 -tune-cpu generic -mllvm -treat-scalable-fixed-error-as-warning -debugger-tuning=gdb -v -fcoverage-compilation-dir=/home/me/Projects/DropSoft/DropletDiscordBot/debug/CMakeFiles/CMakeScratch/TryCompile-OSUbG0 -resource-dir /usr/lib/clang/15.0.7 -dependency-file CMakeFiles/cmTC_738dc.dir/CMakeCXXCompilerABI.cpp.o.d -MT CMakeFiles/cmTC_738dc.dir/CMakeCXXCompilerABI.cpp.o -sys-header-deps -internal-isystem /usr/bin/../lib64/gcc/x86_64-pc-linux-gnu/12.2.1/../../../../include/c++/12.2.1 -internal-isystem /usr/bin/../lib64/gcc/x86_64-pc-linux-gnu/12.2.1/../../../../include/c++/12.2.1/x86_64-pc-linux-gnu -internal-isystem /usr/bin/../lib64/gcc/x86_64-pc-linux-gnu/12.2.1/../../../../include/c++/12.2.1/backward -internal-isystem /usr/lib/clang/15.0.7/include -internal-isystem /usr/local/include -internal-isystem /usr/bin/../lib64/gcc/x86_64-pc-linux-gnu/12.2.1/../../../../x86_64-pc-linux-gnu/include -internal-externc-isystem /include -internal-externc-isystem /usr/include -fdeprecated-macro -fdebug-compilation-dir=/home/me/Projects/DropSoft/DropletDiscordBot/debug/CMakeFiles/CMakeScratch/TryCompile-OSUbG0 -ferror-limit 19 -stack-protector 2 -fgnuc-version=4.2.1 -fcxx-exceptions -fexceptions -faddrsig -D__GCC_HAVE_DWARF2_CFI_ASM=1 -o CMakeFiles/cmTC_738dc.dir/CMakeCXXCompilerABI.cpp.o -x c++ /usr/share/cmake/Modules/CMakeCXXCompilerABI.cpp
clang -cc1 version 15.0.7 based upon LLVM 15.0.7 default target x86_64-pc-linux-gnu
ignoring nonexistent directory "/usr/bin/../lib64/gcc/x86_64-pc-linux-gnu/12.2.1/../../../../x86_64-pc-linux-gnu/include"
ignoring nonexistent directory "/include"
#include "..." search starts here:
#include <...> search starts here:
 /usr/bin/../lib64/gcc/x86_64-pc-linux-gnu/12.2.1/../../../../include/c++/12.2.1
 /usr/bin/../lib64/gcc/x86_64-pc-linux-gnu/12.2.1/../../../../include/c++/12.2.1/x86_64-pc-linux-gnu
 /usr/bin/../lib64/gcc/x86_64-pc-linux-gnu/12.2.1/../../../../include/c++/12.2.1/backward
 /usr/lib/clang/15.0.7/include
 /usr/local/include
 /usr/include
End of search list.
[2/2] Linking CXX executable cmTC_738dc
clang version 15.0.7
Target: x86_64-pc-linux-gnu
Thread model: posix
InstalledDir: /usr/bin
Found candidate GCC installation: /usr/bin/../lib/gcc/x86_64-pc-linux-gnu/12.2.1
Found candidate GCC installation: /usr/bin/../lib64/gcc/x86_64-pc-linux-gnu/12.2.1
Selected GCC installation: /usr/bin/../lib64/gcc/x86_64-pc-linux-gnu/12.2.1
Candidate multilib: .;@m64
Candidate multilib: 32;@m32
Selected multilib: .;@m64
Found HIP installation: /opt/rocm, version 5.4.22804
 "/usr/bin/ld" -pie --build-id --eh-frame-hdr -m elf_x86_64 -dynamic-linker /lib64/ld-linux-x86-64.so.2 -o cmTC_738dc /usr/bin/../lib64/gcc/x86_64-pc-linux-gnu/12.2.1/../../../../lib64/Scrt1.o /usr/bin/../lib64/gcc/x86_64-pc-linux-gnu/12.2.1/../../../../lib64/crti.o /usr/bin/../lib64/gcc/x86_64-pc-linux-gnu/12.2.1/crtbeginS.o -L/usr/bin/../lib64/gcc/x86_64-pc-linux-gnu/12.2.1 -L/usr/bin/../lib64/gcc/x86_64-pc-linux-gnu/12.2.1/../../../../lib64 -L/lib/../lib64 -L/usr/lib/../lib64 -L/lib -L/usr/lib CMakeFiles/cmTC_738dc.dir/CMakeCXXCompilerABI.cpp.o -lstdc++ -lm -lgcc_s -lgcc -lc -lgcc_s -lgcc /usr/bin/../lib64/gcc/x86_64-pc-linux-gnu/12.2.1/crtendS.o /usr/bin/../lib64/gcc/x86_64-pc-linux-gnu/12.2.1/../../../../lib64/crtn.o



Parsed CXX implicit include dir info from above output: rv=done
  found start of include info
  found start of implicit include info
    add: [/usr/bin/../lib64/gcc/x86_64-pc-linux-gnu/12.2.1/../../../../include/c++/12.2.1]
    add: [/usr/bin/../lib64/gcc/x86_64-pc-linux-gnu/12.2.1/../../../../include/c++/12.2.1/x86_64-pc-linux-gnu]
    add: [/usr/bin/../lib64/gcc/x86_64-pc-linux-gnu/12.2.1/../../../../include/c++/12.2.1/backward]
    add: [/usr/lib/clang/15.0.7/include]
    add: [/usr/local/include]
    add: [/usr/include]
  end of search list found
  collapse include dir [/usr/bin/../lib64/gcc/x86_64-pc-linux-gnu/12.2.1/../../../../include/c++/12.2.1] ==> [/usr/include/c++/12.2.1]
  collapse include dir [/usr/bin/../lib64/gcc/x86_64-pc-linux-gnu/12.2.1/../../../../include/c++/12.2.1/x86_64-pc-linux-gnu] ==> [/usr/include/c++/12.2.1/x86_64-pc-linux-gnu]
  collapse include dir [/usr/bin/../lib64/gcc/x86_64-pc-linux-gnu/12.2.1/../../../../include/c++/12.2.1/backward] ==> [/usr/include/c++/12.2.1/backward]
  collapse include dir [/usr/lib/clang/15.0.7/include] ==> [/usr/lib/clang/15.0.7/include]
  collapse include dir [/usr/local/include] ==> [/usr/local/include]
  collapse include dir [/usr/include] ==> [/usr/include]
  implicit include dirs: [/usr/include/c++/12.2.1;/usr/include/c++/12.2.1/x86_64-pc-linux-gnu;/usr/include/c++/12.2.1/backward;/usr/lib/clang/15.0.7/include;/usr/local/include;/usr/include]


Parsed CXX implicit link information from above output:
  link line regex: [^( *|.*[/\])(ld\.lld|CMAKE_LINK_STARTFILE-NOTFOUND|([^/\]+-)?ld|collect2)[^/\]*( |$)]
  ignore line: [Change Dir: /home/me/Projects/DropSoft/DropletDiscordBot/debug/CMakeFiles/CMakeScratch/TryCompile-OSUbG0]
  ignore line: []
  ignore line: [Run Build Command(s):/usr/bin/ninja cmTC_738dc && [1/2] Building CXX object CMakeFiles/cmTC_738dc.dir/CMakeCXXCompilerABI.cpp.o]
  ignore line: [clang version 15.0.7]
  ignore line: [Target: x86_64-pc-linux-gnu]
  ignore line: [Thread model: posix]
  ignore line: [InstalledDir: /usr/bin]
  ignore line: [Found candidate GCC installation: /usr/bin/../lib/gcc/x86_64-pc-linux-gnu/12.2.1]
  ignore line: [Found candidate GCC installation: /usr/bin/../lib64/gcc/x86_64-pc-linux-gnu/12.2.1]
  ignore line: [Selected GCC installation: /usr/bin/../lib64/gcc/x86_64-pc-linux-gnu/12.2.1]
  ignore line: [Candidate multilib: .]
  ignore line: [@m64]
  ignore line: [Candidate multilib: 32]
  ignore line: [@m32]
  ignore line: [Selected multilib: .]
  ignore line: [@m64]
  ignore line: [Found HIP installation: /opt/rocm  version 5.4.22804]
  ignore line: [ (in-process)]
  ignore line: [ "/usr/bin/clang-15" -cc1 -triple x86_64-pc-linux-gnu -emit-obj -mrelax-all --mrelax-relocations -disable-free -clear-ast-before-backend -disable-llvm-verifier -discard-value-names -main-file-name CMakeCXXCompilerABI.cpp -mrelocation-model pic -pic-level 2 -pic-is-pie -mframe-pointer=all -fmath-errno -ffp-contract=on -fno-rounding-math -mconstructor-aliases -funwind-tables=2 -target-cpu x86-64 -tune-cpu generic -mllvm -treat-scalable-fixed-error-as-warning -debugger-tuning=gdb -v -fcoverage-compilation-dir=/home/me/Projects/DropSoft/DropletDiscordBot/debug/CMakeFiles/CMakeScratch/TryCompile-OSUbG0 -resource-dir /usr/lib/clang/15.0.7 -dependency-file CMakeFiles/cmTC_738dc.dir/CMakeCXXCompilerABI.cpp.o.d -MT CMakeFiles/cmTC_738dc.dir/CMakeCXXCompilerABI.cpp.o -sys-header-deps -internal-isystem /usr/bin/../lib64/gcc/x86_64-pc-linux-gnu/12.2.1/../../../../include/c++/12.2.1 -internal-isystem /usr/bin/../lib64/gcc/x86_64-pc-linux-gnu/12.2.1/../../../../include/c++/12.2.1/x86_64-pc-linux-gnu -internal-isystem /usr/bin/../lib64/gcc/x86_64-pc-linux-gnu/12.2.1/../../../../include/c++/12.2.1/backward -internal-isystem /usr/lib/clang/15.0.7/include -internal-isystem /usr/local/include -internal-isystem /usr/bin/../lib64/gcc/x86_64-pc-linux-gnu/12.2.1/../../../../x86_64-pc-linux-gnu/include -internal-externc-isystem /include -internal-externc-isystem /usr/include -fdeprecated-macro -fdebug-compilation-dir=/home/me/Projects/DropSoft/DropletDiscordBot/debug/CMakeFiles/CMakeScratch/TryCompile-OSUbG0 -ferror-limit 19 -stack-protector 2 -fgnuc-version=4.2.1 -fcxx-exceptions -fexceptions -faddrsig -D__GCC_HAVE_DWARF2_CFI_ASM=1 -o CMakeFiles/cmTC_738dc.dir/CMakeCXXCompilerABI.cpp.o -x c++ /usr/share/cmake/Modules/CMakeCXXCompilerABI.cpp]
  ignore line: [clang -cc1 version 15.0.7 based upon LLVM 15.0.7 default target x86_64-pc-linux-gnu]
  ignore line: [ignoring nonexistent directory "/usr/bin/../lib64/gcc/x86_64-pc-linux-gnu/12.2.1/../../../../x86_64-pc-linux-gnu/include"]
  ignore line: [ignoring nonexistent directory "/include"]
  ignore line: [#include "..." search starts here:]
  ignore line: [#include <...> search starts here:]
  ignore line: [ /usr/bin/../lib64/gcc/x86_64-pc-linux-gnu/12.2.1/../../../../include/c++/12.2.1]
  ignore line: [ /usr/bin/../lib64/gcc/x86_64-pc-linux-gnu/12.2.1/../../../../include/c++/12.2.1/x86_64-pc-linux-gnu]
  ignore line: [ /usr/bin/../lib64/gcc/x86_64-pc-linux-gnu/12.2.1/../../../../include/c++/12.2.1/backward]
  ignore line: [ /usr/lib/clang/15.0.7/include]
  ignore line: [ /usr/local/include]
  ignore line: [ /usr/include]
  ignore line: [End of search list.]
  ignore line: [[2/2] Linking CXX executable cmTC_738dc]
  ignore line: [clang version 15.0.7]
  ignore line: [Target: x86_64-pc-linux-gnu]
  ignore line: [Thread model: posix]
  ignore line: [InstalledDir: /usr/bin]
  ignore line: [Found candidate GCC installation: /usr/bin/../lib/gcc/x86_64-pc-linux-gnu/12.2.1]
  ignore line: [Found candidate GCC installation: /usr/bin/../lib64/gcc/x86_64-pc-linux-gnu/12.2.1]
  ignore line: [Selected GCC installation: /usr/bin/../lib64/gcc/x86_64-pc-linux-gnu/12.2.1]
  ignore line: [Candidate multilib: .]
  ignore line: [@m64]
  ignore line: [Candidate multilib: 32]
  ignore line: [@m32]
  ignore line: [Selected multilib: .]
  ignore line: [@m64]
  ignore line: [Found HIP installation: /opt/rocm  version 5.4.22804]
  link line: [ "/usr/bin/ld" -pie --build-id --eh-frame-hdr -m elf_x86_64 -dynamic-linker /lib64/ld-linux-x86-64.so.2 -o cmTC_738dc /usr/bin/../lib64/gcc/x86_64-pc-linux-gnu/12.2.1/../../../../lib64/Scrt1.o /usr/bin/../lib64/gcc/x86_64-pc-linux-gnu/12.2.1/../../../../lib64/crti.o /usr/bin/../lib64/gcc/x86_64-pc-linux-gnu/12.2.1/crtbeginS.o -L/usr/bin/../lib64/gcc/x86_64-pc-linux-gnu/12.2.1 -L/usr/bin/../lib64/gcc/x86_64-pc-linux-gnu/12.2.1/../../../../lib64 -L/lib/../lib64 -L/usr/lib/../lib64 -L/lib -L/usr/lib CMakeFiles/cmTC_738dc.dir/CMakeCXXCompilerABI.cpp.o -lstdc++ -lm -lgcc_s -lgcc -lc -lgcc_s -lgcc /usr/bin/../lib64/gcc/x86_64-pc-linux-gnu/12.2.1/crtendS.o /usr/bin/../lib64/gcc/x86_64-pc-linux-gnu/12.2.1/../../../../lib64/crtn.o]
    arg [/usr/bin/ld] ==> ignore
    arg [-pie] ==> ignore
    arg [--build-id] ==> ignore
    arg [--eh-frame-hdr] ==> ignore
    arg [-m] ==> ignore
    arg [elf_x86_64] ==> ignore
    arg [-dynamic-linker] ==> ignore
    arg [/lib64/ld-linux-x86-64.so.2] ==> ignore
    arg [-o] ==> ignore
    arg [cmTC_738dc] ==> ignore
    arg [/usr/bin/../lib64/gcc/x86_64-pc-linux-gnu/12.2.1/../../../../lib64/Scrt1.o] ==> obj [/usr/bin/../lib64/gcc/x86_64-pc-linux-gnu/12.2.1/../../../../lib64/Scrt1.o]
    arg [/usr/bin/../lib64/gcc/x86_64-pc-linux-gnu/12.2.1/../../../../lib64/crti.o] ==> obj [/usr/bin/../lib64/gcc/x86_64-pc-linux-gnu/12.2.1/../../../../lib64/crti.o]
    arg [/usr/bin/../lib64/gcc/x86_64-pc-linux-gnu/12.2.1/crtbeginS.o] ==> obj [/usr/bin/../lib64/gcc/x86_64-pc-linux-gnu/12.2.1/crtbeginS.o]
    arg [-L/usr/bin/../lib64/gcc/x86_64-pc-linux-gnu/12.2.1] ==> dir [/usr/bin/../lib64/gcc/x86_64-pc-linux-gnu/12.2.1]
    arg [-L/usr/bin/../lib64/gcc/x86_64-pc-linux-gnu/12.2.1/../../../../lib64] ==> dir [/usr/bin/../lib64/gcc/x86_64-pc-linux-gnu/12.2.1/../../../../lib64]
    arg [-L/lib/../lib64] ==> dir [/lib/../lib64]
    arg [-L/usr/lib/../lib64] ==> dir [/usr/lib/../lib64]
    arg [-L/lib] ==> dir [/lib]
    arg [-L/usr/lib] ==> dir [/usr/lib]
    arg [CMakeFiles/cmTC_738dc.dir/CMakeCXXCompilerABI.cpp.o] ==> ignore
    arg [-lstdc++] ==> lib [stdc++]
    arg [-lm] ==> lib [m]
    arg [-lgcc_s] ==> lib [gcc_s]
    arg [-lgcc] ==> lib [gcc]
    arg [-lc] ==> lib [c]
    arg [-lgcc_s] ==> lib [gcc_s]
    arg [-lgcc] ==> lib [gcc]
    arg [/usr/bin/../lib64/gcc/x86_64-pc-linux-gnu/12.2.1/crtendS.o] ==> obj [/usr/bin/../lib64/gcc/x86_64-pc-linux-gnu/12.2.1/crtendS.o]
    arg [/usr/bin/../lib64/gcc/x86_64-pc-linux-gnu/12.2.1/../../../../lib64/crtn.o] ==> obj [/usr/bin/../lib64/gcc/x86_64-pc-linux-gnu/12.2.1/../../../../lib64/crtn.o]
  collapse obj [/usr/bin/../lib64/gcc/x86_64-pc-linux-gnu/12.2.1/../../../../lib64/Scrt1.o] ==> [/usr/lib64/Scrt1.o]
  collapse obj [/usr/bin/../lib64/gcc/x86_64-pc-linux-gnu/12.2.1/../../../../lib64/crti.o] ==> [/usr/lib64/crti.o]
  collapse obj [/usr/bin/../lib64/gcc/x86_64-pc-linux-gnu/12.2.1/crtbeginS.o] ==> [/usr/lib64/gcc/x86_64-pc-linux-gnu/12.2.1/crtbeginS.o]
  collapse obj [/usr/bin/../lib64/gcc/x86_64-pc-linux-gnu/12.2.1/crtendS.o] ==> [/usr/lib64/gcc/x86_64-pc-linux-gnu/12.2.1/crtendS.o]
  collapse obj [/usr/bin/../lib64/gcc/x86_64-pc-linux-gnu/12.2.1/../../../../lib64/crtn.o] ==> [/usr/lib64/crtn.o]
  collapse library dir [/usr/bin/../lib64/gcc/x86_64-pc-linux-gnu/12.2.1] ==> [/usr/lib64/gcc/x86_64-pc-linux-gnu/12.2.1]
  collapse library dir [/usr/bin/../lib64/gcc/x86_64-pc-linux-gnu/12.2.1/../../../../lib64] ==> [/usr/lib64]
  collapse library dir [/lib/../lib64] ==> [/lib64]
  collapse library dir [/usr/lib/../lib64] ==> [/usr/lib64]
  collapse library dir [/lib] ==> [/lib]
  collapse library dir [/usr/lib] ==> [/usr/lib]
  implicit libs: [stdc++;m;gcc_s;gcc;c;gcc_s;gcc]
  implicit objs: [/usr/lib64/Scrt1.o;/usr/lib64/crti.o;/usr/lib64/gcc/x86_64-pc-linux-gnu/12.2.1/crtbeginS.o;/usr/lib64/gcc/x86_64-pc-linux-gnu/12.2.1/crtendS.o;/usr/lib64/crtn.o]
  implicit dirs: [/usr/lib64/gcc/x86_64-pc-linux-gnu/12.2.1;/usr/lib64;/lib64;/lib;/usr/lib]
  implicit fwks: []


Determining if the prctl exist passed with the following output:
Change Dir: /home/me/Projects/DropSoft/DropletDiscordBot/debug/CMakeFiles/CMakeScratch/TryCompile-FgK6pT

Run Build Command(s):/usr/bin/ninja cmTC_47b12 && [1/2] Building CXX object CMakeFiles/cmTC_47b12.dir/CheckSymbolExists.cxx.o
[2/2] Linking CXX executable cmTC_47b12


File CheckSymbolExists.cxx:
/* */
#include <sys/prctl.h>

int main(int argc, char** argv)
{
  (void)argv;
#ifndef prctl
  return ((int*)(&prctl))[argc];
#else
  (void)argc;
  return 0;
#endif
}

Determining if the pthread_setname_np exist passed with the following output:
Change Dir: /home/me/Projects/DropSoft/DropletDiscordBot/debug/CMakeFiles/CMakeScratch/TryCompile-D7CKcY

Run Build Command(s):/usr/bin/ninja cmTC_6d757 && [1/2] Building CXX object CMakeFiles/cmTC_6d757.dir/CheckSymbolExists.cxx.o
[2/2] Linking CXX executable cmTC_6d757


File CheckSymbolExists.cxx:
/* */
#include <pthread.h>

int main(int argc, char** argv)
{
  (void)argv;
#ifndef pthread_setname_np
  return ((int*)(&pthread_setname_np))[argc];
#else
  (void)argc;
  return 0;
#endif
}

Performing C++ SOURCE FILE Test HAVE_TWO_PARAMETER_SETNAME_NP succeeded with the following output:
Change Dir: /home/me/Projects/DropSoft/DropletDiscordBot/debug/CMakeFiles/CMakeScratch/TryCompile-Fo78hN

Run Build Command(s):/usr/bin/ninja cmTC_9c77f && [1/2] Building CXX object CMakeFiles/cmTC_9c77f.dir/src.cxx.o
[2/2] Linking CXX executable cmTC_9c77f


Source file was:

	#include <thread>
	int main() {
		pthread_setname_np(pthread_self(), "ThreadName");
		return 0;
	}

Performing C SOURCE FILE Test CMAKE_HAVE_LIBC_PTHREAD succeeded with the following output:
Change Dir: /home/me/Projects/DropSoft/DropletDiscordBot/debug/CMakeFiles/CMakeScratch/TryCompile-80p8TR

Run Build Command(s):/usr/bin/ninja cmTC_2938e && [1/2] Building C object CMakeFiles/cmTC_2938e.dir/src.c.o
[2/2] Linking C executable cmTC_2938e


Source file was:
#include <pthread.h>

static void* test_func(void* data)
{
  return data;
}

int main(void)
{
  pthread_t thread;
  pthread_create(&thread, NULL, test_func, NULL);
  pthread_detach(thread);
  pthread_cancel(thread);
  pthread_join(thread, NULL);
  pthread_atfork(NULL, NULL, NULL);
  pthread_exit(NULL);

  return 0;
}


